<?xml version="1.0" encoding="UTF-8"?>
<testsuite name="TestMethod" tests="1" skipped="0" failures="0" errors="0" timestamp="2020-03-24T06:17:29" hostname="revatitakale" time="0.402">
  <properties/>
  <testcase name="givenIndianStateCensusData_WhenSorted_ReturnSortedResult" classname="TestMethod" time="0.402"/>
  <system-out><![CDATA[]]></system-out>
  <system-err><![CDATA[]]></system-err>
</testsuite>
