<?xml version="1.0" encoding="UTF-8"?>
<testsuite name="TestMethod" tests="12" skipped="0" failures="0" errors="0" timestamp="2020-03-24T11:28:42" hostname="revatitakale" time="0.749">
  <properties/>
  <testcase name="givenFileType_WhenWrong_ShouldReturnCustomiseException" classname="TestMethod" time="0.007"/>
  <testcase name="givenFileNameOfStateCode_WhenWrong_ShouldReturnCustomiseException" classname="TestMethod" time="0.002"/>
  <testcase name="givenNumberOfRecords_WhenMatched_ShouldReturnTrue" classname="TestMethod" time="0.25"/>
  <testcase name="givenFileTypeOfStateCode_WhenWrong_ShouldReturnCustomiseException" classname="TestMethod" time="0.0"/>
  <testcase name="givenFile_WhenDelimiterIncorrect_ShouldReturnCustomiseException" classname="TestMethod" time="0.058"/>
  <testcase name="givenFileName_WhenWrong_ShouldReturnCustomiseException" classname="TestMethod" time="0.0"/>
  <testcase name="givenStateCodeData_WhenSorted_ShouldReturnSortedList" classname="TestMethod" time="0.032"/>
  <testcase name="givenFile_WhenHeaderIncorrect_ShouldReturnCustomiseException" classname="TestMethod" time="0.082"/>
  <testcase name="givenCensusData_WhenSorted_ShouldReturnSortedList" classname="TestMethod" time="0.043"/>
  <testcase name="givenNumberOfRecordsOfStateCode_WhenMatched_ShouldReturnTrue" classname="TestMethod" time="0.028"/>
  <testcase name="givenFileOfStateCode_WhenHeadersIncorrect_ShouldReturnCustomiseException" classname="TestMethod" time="0.217"/>
  <testcase name="givenFileOfStateCode_WhenDelimiterIncorrect_ShouldReturnCustomiseException" classname="TestMethod" time="0.023"/>
  <system-out><![CDATA[]]></system-out>
  <system-err><![CDATA[Exception in thread "pool-1-thread-3" java.lang.RuntimeException: com.opencsv.exceptions.CsvBeanIntrospectionException: Basic instantiation of the given bean type (and subordinate beans created through recursion, if applicable) was determined to be impossible.
	at com.opencsv.bean.concurrent.ProcessCsvLine.run(ProcessCsvLine.java:104)
	at java.base/java.util.concurrent.ThreadPoolExecutor.runWorker(ThreadPoolExecutor.java:1128)
	at java.base/java.util.concurrent.ThreadPoolExecutor$Worker.run(ThreadPoolExecutor.java:628)
	at java.base/java.lang.Thread.run(Thread.java:834)
Caused by: com.opencsv.exceptions.CsvBeanIntrospectionException: Basic instantiation of the given bean type (and subordinate beans created through recursion, if applicable) was determined to be impossible.
	at com.opencsv.bean.AbstractMappingStrategy.createBean(AbstractMappingStrategy.java:204)
	at com.opencsv.bean.AbstractMappingStrategy.populateNewBean(AbstractMappingStrategy.java:326)
	at com.opencsv.bean.concurrent.ProcessCsvLine.processLine(ProcessCsvLine.java:128)
	at com.opencsv.bean.concurrent.ProcessCsvLine.run(ProcessCsvLine.java:83)
	... 3 more
Caused by: java.lang.InstantiationException: com.bridgelabz.model.CSVStatesCensus
	at java.base/java.lang.Class.newInstance(Class.java:571)
	at com.opencsv.bean.AbstractMappingStrategy.createBean(AbstractMappingStrategy.java:196)
	... 6 more
Caused by: java.lang.NoSuchMethodException: com.bridgelabz.model.CSVStatesCensus.<init>()
	at java.base/java.lang.Class.getConstructor0(Class.java:3349)
	at java.base/java.lang.Class.newInstance(Class.java:556)
	... 7 more
Exception in thread "pool-1-thread-1" java.lang.RuntimeException: com.opencsv.exceptions.CsvBeanIntrospectionException: Basic instantiation of the given bean type (and subordinate beans created through recursion, if applicable) was determined to be impossible.
	at com.opencsv.bean.concurrent.ProcessCsvLine.run(ProcessCsvLine.java:104)
	at java.base/java.util.concurrent.ThreadPoolExecutor.runWorker(ThreadPoolExecutor.java:1128)
	at java.base/java.util.concurrent.ThreadPoolExecutor$Worker.run(ThreadPoolExecutor.java:628)
	at java.base/java.lang.Thread.run(Thread.java:834)
Caused by: com.opencsv.exceptions.CsvBeanIntrospectionException: Basic instantiation of the given bean type (and subordinate beans created through recursion, if applicable) was determined to be impossible.
	at com.opencsv.bean.AbstractMappingStrategy.createBean(AbstractMappingStrategy.java:204)
	at com.opencsv.bean.AbstractMappingStrategy.populateNewBean(AbstractMappingStrategy.java:326)
	at com.opencsv.bean.concurrent.ProcessCsvLine.processLine(ProcessCsvLine.java:128)
	at com.opencsv.bean.concurrent.ProcessCsvLine.run(ProcessCsvLine.java:83)
	... 3 more
Caused by: java.lang.InstantiationException: com.bridgelabz.model.CSVStatesCensus
	at java.base/java.lang.Class.newInstance(Class.java:571)
	at com.opencsv.bean.AbstractMappingStrategy.createBean(AbstractMappingStrategy.java:196)
	... 6 more
Caused by: java.lang.NoSuchMethodException: com.bridgelabz.model.CSVStatesCensus.<init>()
	at java.base/java.lang.Class.getConstructor0(Class.java:3349)
	at java.base/java.lang.Class.newInstance(Class.java:556)
	... 7 more
Exception in thread "pool-1-thread-2" java.lang.RuntimeException: com.opencsv.exceptions.CsvBeanIntrospectionException: Basic instantiation of the given bean type (and subordinate beans created through recursion, if applicable) was determined to be impossible.
	at com.opencsv.bean.concurrent.ProcessCsvLine.run(ProcessCsvLine.java:104)
	at java.base/java.util.concurrent.ThreadPoolExecutor.runWorker(ThreadPoolExecutor.java:1128)
	at java.base/java.util.concurrent.ThreadPoolExecutor$Worker.run(ThreadPoolExecutor.java:628)
	at java.base/java.lang.Thread.run(Thread.java:834)
Caused by: com.opencsv.exceptions.CsvBeanIntrospectionException: Basic instantiation of the given bean type (and subordinate beans created through recursion, if applicable) was determined to be impossible.
	at com.opencsv.bean.AbstractMappingStrategy.createBean(AbstractMappingStrategy.java:204)
	at com.opencsv.bean.AbstractMappingStrategy.populateNewBean(AbstractMappingStrategy.java:326)
	at com.opencsv.bean.concurrent.ProcessCsvLine.processLine(ProcessCsvLine.java:128)
	at com.opencsv.bean.concurrent.ProcessCsvLine.run(ProcessCsvLine.java:83)
	... 3 more
Caused by: java.lang.InstantiationException: com.bridgelabz.model.CSVStatesCensus
	at java.base/java.lang.Class.newInstance(Class.java:571)
	at com.opencsv.bean.AbstractMappingStrategy.createBean(AbstractMappingStrategy.java:196)
	... 6 more
Caused by: java.lang.NoSuchMethodException: com.bridgelabz.model.CSVStatesCensus.<init>()
	at java.base/java.lang.Class.getConstructor0(Class.java:3349)
	at java.base/java.lang.Class.newInstance(Class.java:556)
	... 7 more
Exception in thread "pool-1-thread-4" java.lang.RuntimeException: com.opencsv.exceptions.CsvBeanIntrospectionException: Basic instantiation of the given bean type (and subordinate beans created through recursion, if applicable) was determined to be impossible.
	at com.opencsv.bean.concurrent.ProcessCsvLine.run(ProcessCsvLine.java:104)
	at java.base/java.util.concurrent.ThreadPoolExecutor.runWorker(ThreadPoolExecutor.java:1128)
	at java.base/java.util.concurrent.ThreadPoolExecutor$Worker.run(ThreadPoolExecutor.java:628)
	at java.base/java.lang.Thread.run(Thread.java:834)
Caused by: com.opencsv.exceptions.CsvBeanIntrospectionException: Basic instantiation of the given bean type (and subordinate beans created through recursion, if applicable) was determined to be impossible.
	at com.opencsv.bean.AbstractMappingStrategy.createBean(AbstractMappingStrategy.java:204)
	at com.opencsv.bean.AbstractMappingStrategy.populateNewBean(AbstractMappingStrategy.java:326)
	at com.opencsv.bean.concurrent.ProcessCsvLine.processLine(ProcessCsvLine.java:128)
	at com.opencsv.bean.concurrent.ProcessCsvLine.run(ProcessCsvLine.java:83)
	... 3 more
Caused by: java.lang.InstantiationException: com.bridgelabz.model.CSVStatesCensus
	at java.base/java.lang.Class.newInstance(Class.java:571)
	at com.opencsv.bean.AbstractMappingStrategy.createBean(AbstractMappingStrategy.java:196)
	... 6 more
Caused by: java.lang.NoSuchMethodException: com.bridgelabz.model.CSVStatesCensus.<init>()
	at java.base/java.lang.Class.getConstructor0(Class.java:3349)
	at java.base/java.lang.Class.newInstance(Class.java:556)
	... 7 more
Exception in thread "pool-2-thread-4" java.lang.RuntimeException: com.opencsv.exceptions.CsvBeanIntrospectionException: Basic instantiation of the given bean type (and subordinate beans created through recursion, if applicable) was determined to be impossible.
	at com.opencsv.bean.concurrent.ProcessCsvLine.run(ProcessCsvLine.java:104)
	at java.base/java.util.concurrent.ThreadPoolExecutor.runWorker(ThreadPoolExecutor.java:1128)
	at java.base/java.util.concurrent.ThreadPoolExecutor$Worker.run(ThreadPoolExecutor.java:628)
	at java.base/java.lang.Thread.run(Thread.java:834)
Caused by: com.opencsv.exceptions.CsvBeanIntrospectionException: Basic instantiation of the given bean type (and subordinate beans created through recursion, if applicable) was determined to be impossible.
	at com.opencsv.bean.AbstractMappingStrategy.createBean(AbstractMappingStrategy.java:204)
	at com.opencsv.bean.AbstractMappingStrategy.populateNewBean(AbstractMappingStrategy.java:326)
	at com.opencsv.bean.concurrent.ProcessCsvLine.processLine(ProcessCsvLine.java:128)
	at com.opencsv.bean.concurrent.ProcessCsvLine.run(ProcessCsvLine.java:83)
	... 3 more
Caused by: java.lang.InstantiationException: com.bridgelabz.model.CSVStatesCensus
	at java.base/java.lang.Class.newInstance(Class.java:571)
	at com.opencsv.bean.AbstractMappingStrategy.createBean(AbstractMappingStrategy.java:196)
	... 6 more
Caused by: java.lang.NoSuchMethodException: com.bridgelabz.model.CSVStatesCensus.<init>()
	at java.base/java.lang.Class.getConstructor0(Class.java:3349)
	at java.base/java.lang.Class.newInstance(Class.java:556)
	... 7 more
Exception in thread "pool-2-thread-3" java.lang.RuntimeException: com.opencsv.exceptions.CsvBeanIntrospectionException: Basic instantiation of the given bean type (and subordinate beans created through recursion, if applicable) was determined to be impossible.
	at com.opencsv.bean.concurrent.ProcessCsvLine.run(ProcessCsvLine.java:104)
	at java.base/java.util.concurrent.ThreadPoolExecutor.runWorker(ThreadPoolExecutor.java:1128)
	at java.base/java.util.concurrent.ThreadPoolExecutor$Worker.run(ThreadPoolExecutor.java:628)
	at java.base/java.lang.Thread.run(Thread.java:834)
Caused by: com.opencsv.exceptions.CsvBeanIntrospectionException: Basic instantiation of the given bean type (and subordinate beans created through recursion, if applicable) was determined to be impossible.
	at com.opencsv.bean.AbstractMappingStrategy.createBean(AbstractMappingStrategy.java:204)
	at com.opencsv.bean.AbstractMappingStrategy.populateNewBean(AbstractMappingStrategy.java:326)
	at com.opencsv.bean.concurrent.ProcessCsvLine.processLine(ProcessCsvLine.java:128)
	at com.opencsv.bean.concurrent.ProcessCsvLine.run(ProcessCsvLine.java:83)
	... 3 more
Caused by: java.lang.InstantiationException: com.bridgelabz.model.CSVStatesCensus
	at java.base/java.lang.Class.newInstance(Class.java:571)
	at com.opencsv.bean.AbstractMappingStrategy.createBean(AbstractMappingStrategy.java:196)
	... 6 more
Caused by: java.lang.NoSuchMethodException: com.bridgelabz.model.CSVStatesCensus.<init>()
	at java.base/java.lang.Class.getConstructor0(Class.java:3349)
	at java.base/java.lang.Class.newInstance(Class.java:556)
	... 7 more
Exception in thread "pool-2-thread-1" java.lang.RuntimeException: com.opencsv.exceptions.CsvBeanIntrospectionException: Basic instantiation of the given bean type (and subordinate beans created through recursion, if applicable) was determined to be impossible.
	at com.opencsv.bean.concurrent.ProcessCsvLine.run(ProcessCsvLine.java:104)
	at java.base/java.util.concurrent.ThreadPoolExecutor.runWorker(ThreadPoolExecutor.java:1128)
	at java.base/java.util.concurrent.ThreadPoolExecutor$Worker.run(ThreadPoolExecutor.java:628)
	at java.base/java.lang.Thread.run(Thread.java:834)
Caused by: com.opencsv.exceptions.CsvBeanIntrospectionException: Basic instantiation of the given bean type (and subordinate beans created through recursion, if applicable) was determined to be impossible.
	at com.opencsv.bean.AbstractMappingStrategy.createBean(AbstractMappingStrategy.java:204)
	at com.opencsv.bean.AbstractMappingStrategy.populateNewBean(AbstractMappingStrategy.java:326)
	at com.opencsv.bean.concurrent.ProcessCsvLine.processLine(ProcessCsvLine.java:128)
	at com.opencsv.bean.concurrent.ProcessCsvLine.run(ProcessCsvLine.java:83)
	... 3 more
Caused by: java.lang.InstantiationException: com.bridgelabz.model.CSVStatesCensus
	at java.base/java.lang.Class.newInstance(Class.java:571)
	at com.opencsv.bean.AbstractMappingStrategy.createBean(AbstractMappingStrategy.java:196)
	... 6 more
Caused by: java.lang.NoSuchMethodException: com.bridgelabz.model.CSVStatesCensus.<init>()
	at java.base/java.lang.Class.getConstructor0(Class.java:3349)
	at java.base/java.lang.Class.newInstance(Class.java:556)
	... 7 more
Exception in thread "pool-2-thread-2" java.lang.RuntimeException: com.opencsv.exceptions.CsvRequiredFieldEmptyException: Number of data fields does not match number of headers.
	at com.opencsv.bean.concurrent.ProcessCsvLine.run(ProcessCsvLine.java:99)
	at java.base/java.util.concurrent.ThreadPoolExecutor.runWorker(ThreadPoolExecutor.java:1128)
	at java.base/java.util.concurrent.ThreadPoolExecutor$Worker.run(ThreadPoolExecutor.java:628)
	at java.base/java.lang.Thread.run(Thread.java:834)
Caused by: com.opencsv.exceptions.CsvRequiredFieldEmptyException: Number of data fields does not match number of headers.
	at com.opencsv.bean.HeaderNameBaseMappingStrategy.verifyLineLength(HeaderNameBaseMappingStrategy.java:90)
	at com.opencsv.bean.AbstractMappingStrategy.populateNewBean(AbstractMappingStrategy.java:325)
	at com.opencsv.bean.concurrent.ProcessCsvLine.processLine(ProcessCsvLine.java:128)
	at com.opencsv.bean.concurrent.ProcessCsvLine.run(ProcessCsvLine.java:83)
	... 3 more
Exception in thread "pool-3-thread-1" java.lang.RuntimeException: com.opencsv.exceptions.CsvBeanIntrospectionException: Basic instantiation of the given bean type (and subordinate beans created through recursion, if applicable) was determined to be impossible.
	at com.opencsv.bean.concurrent.ProcessCsvLine.run(ProcessCsvLine.java:104)
	at java.base/java.util.concurrent.ThreadPoolExecutor.runWorker(ThreadPoolExecutor.java:1128)
	at java.base/java.util.concurrent.ThreadPoolExecutor$Worker.run(ThreadPoolExecutor.java:628)
	at java.base/java.lang.Thread.run(Thread.java:834)
Caused by: com.opencsv.exceptions.CsvBeanIntrospectionException: Basic instantiation of the given bean type (and subordinate beans created through recursion, if applicable) was determined to be impossible.
	at com.opencsv.bean.AbstractMappingStrategy.createBean(AbstractMappingStrategy.java:204)
	at com.opencsv.bean.AbstractMappingStrategy.populateNewBean(AbstractMappingStrategy.java:326)
	at com.opencsv.bean.concurrent.ProcessCsvLine.processLine(ProcessCsvLine.java:128)
	at com.opencsv.bean.concurrent.ProcessCsvLine.run(ProcessCsvLine.java:83)
	... 3 more
Caused by: java.lang.InstantiationException: com.bridgelabz.model.CSVStatesPojoClass
	at java.base/java.lang.Class.newInstance(Class.java:571)
	at com.opencsv.bean.AbstractMappingStrategy.createBean(AbstractMappingStrategy.java:196)
	... 6 more
Caused by: java.lang.NoSuchMethodException: com.bridgelabz.model.CSVStatesPojoClass.<init>()
	at java.base/java.lang.Class.getConstructor0(Class.java:3349)
	at java.base/java.lang.Class.newInstance(Class.java:556)
	... 7 more
Exception in thread "pool-4-thread-1" java.lang.RuntimeException: com.opencsv.exceptions.CsvBeanIntrospectionException: Basic instantiation of the given bean type (and subordinate beans created through recursion, if applicable) was determined to be impossible.
	at com.opencsv.bean.concurrent.ProcessCsvLine.run(ProcessCsvLine.java:104)
	at java.base/java.util.concurrent.ThreadPoolExecutor.runWorker(ThreadPoolExecutor.java:1128)
	at java.base/java.util.concurrent.ThreadPoolExecutor$Worker.run(ThreadPoolExecutor.java:628)
	at java.base/java.lang.Thread.run(Thread.java:834)
Caused by: com.opencsv.exceptions.CsvBeanIntrospectionException: Basic instantiation of the given bean type (and subordinate beans created through recursion, if applicable) was determined to be impossible.
	at com.opencsv.bean.AbstractMappingStrategy.createBean(AbstractMappingStrategy.java:204)
	at com.opencsv.bean.AbstractMappingStrategy.populateNewBean(AbstractMappingStrategy.java:326)
	at com.opencsv.bean.concurrent.ProcessCsvLine.processLine(ProcessCsvLine.java:128)
	at com.opencsv.bean.concurrent.ProcessCsvLine.run(ProcessCsvLine.java:83)
	... 3 more
Caused by: java.lang.InstantiationException: com.bridgelabz.model.CSVStatesCensus
	at java.base/java.lang.Class.newInstance(Class.java:571)
	at com.opencsv.bean.AbstractMappingStrategy.createBean(AbstractMappingStrategy.java:196)
	... 6 more
Caused by: java.lang.NoSuchMethodException: com.bridgelabz.model.CSVStatesCensus.<init>()
	at java.base/java.lang.Class.getConstructor0(Class.java:3349)
	at java.base/java.lang.Class.newInstance(Class.java:556)
	... 7 more
Exception in thread "pool-5-thread-1" java.lang.RuntimeException: com.opencsv.exceptions.CsvBeanIntrospectionException: Basic instantiation of the given bean type (and subordinate beans created through recursion, if applicable) was determined to be impossible.
	at com.opencsv.bean.concurrent.ProcessCsvLine.run(ProcessCsvLine.java:104)
	at java.base/java.util.concurrent.ThreadPoolExecutor.runWorker(ThreadPoolExecutor.java:1128)
	at java.base/java.util.concurrent.ThreadPoolExecutor$Worker.run(ThreadPoolExecutor.java:628)
	at java.base/java.lang.Thread.run(Thread.java:834)
Caused by: com.opencsv.exceptions.CsvBeanIntrospectionException: Basic instantiation of the given bean type (and subordinate beans created through recursion, if applicable) was determined to be impossible.
	at com.opencsv.bean.AbstractMappingStrategy.createBean(AbstractMappingStrategy.java:204)
	at com.opencsv.bean.AbstractMappingStrategy.populateNewBean(AbstractMappingStrategy.java:326)
	at com.opencsv.bean.concurrent.ProcessCsvLine.processLine(ProcessCsvLine.java:128)
	at com.opencsv.bean.concurrent.ProcessCsvLine.run(ProcessCsvLine.java:83)
	... 3 more
Caused by: java.lang.InstantiationException: com.bridgelabz.model.CSVStatesCensus
	at java.base/java.lang.Class.newInstance(Class.java:571)
	at com.opencsv.bean.AbstractMappingStrategy.createBean(AbstractMappingStrategy.java:196)
	... 6 more
Caused by: java.lang.NoSuchMethodException: com.bridgelabz.model.CSVStatesCensus.<init>()
	at java.base/java.lang.Class.getConstructor0(Class.java:3349)
	at java.base/java.lang.Class.newInstance(Class.java:556)
	... 7 more
Exception in thread "pool-5-thread-4" java.lang.RuntimeException: com.opencsv.exceptions.CsvBeanIntrospectionException: Basic instantiation of the given bean type (and subordinate beans created through recursion, if applicable) was determined to be impossible.
	at com.opencsv.bean.concurrent.ProcessCsvLine.run(ProcessCsvLine.java:104)
	at java.base/java.util.concurrent.ThreadPoolExecutor.runWorker(ThreadPoolExecutor.java:1128)
	at java.base/java.util.concurrent.ThreadPoolExecutor$Worker.run(ThreadPoolExecutor.java:628)
	at java.base/java.lang.Thread.run(Thread.java:834)
Caused by: com.opencsv.exceptions.CsvBeanIntrospectionException: Basic instantiation of the given bean type (and subordinate beans created through recursion, if applicable) was determined to be impossible.
	at com.opencsv.bean.AbstractMappingStrategy.createBean(AbstractMappingStrategy.java:204)
	at com.opencsv.bean.AbstractMappingStrategy.populateNewBean(AbstractMappingStrategy.java:326)
	at com.opencsv.bean.concurrent.ProcessCsvLine.processLine(ProcessCsvLine.java:128)
	at com.opencsv.bean.concurrent.ProcessCsvLine.run(ProcessCsvLine.java:83)
	... 3 more
Caused by: java.lang.InstantiationException: com.bridgelabz.model.CSVStatesCensus
	at java.base/java.lang.Class.newInstance(Class.java:571)
	at com.opencsv.bean.AbstractMappingStrategy.createBean(AbstractMappingStrategy.java:196)
	... 6 more
Caused by: java.lang.NoSuchMethodException: com.bridgelabz.model.CSVStatesCensus.<init>()
	at java.base/java.lang.Class.getConstructor0(Class.java:3349)
	at java.base/java.lang.Class.newInstance(Class.java:556)
	... 7 more
Exception in thread "pool-5-thread-2" java.lang.RuntimeException: com.opencsv.exceptions.CsvBeanIntrospectionException: Basic instantiation of the given bean type (and subordinate beans created through recursion, if applicable) was determined to be impossible.
	at com.opencsv.bean.concurrent.ProcessCsvLine.run(ProcessCsvLine.java:104)
	at java.base/java.util.concurrent.ThreadPoolExecutor.runWorker(ThreadPoolExecutor.java:1128)
	at java.base/java.util.concurrent.ThreadPoolExecutor$Worker.run(ThreadPoolExecutor.java:628)
	at java.base/java.lang.Thread.run(Thread.java:834)
Caused by: com.opencsv.exceptions.CsvBeanIntrospectionException: Basic instantiation of the given bean type (and subordinate beans created through recursion, if applicable) was determined to be impossible.
	at com.opencsv.bean.AbstractMappingStrategy.createBean(AbstractMappingStrategy.java:204)
	at com.opencsv.bean.AbstractMappingStrategy.populateNewBean(AbstractMappingStrategy.java:326)
	at com.opencsv.bean.concurrent.ProcessCsvLine.processLine(ProcessCsvLine.java:128)
	at com.opencsv.bean.concurrent.ProcessCsvLine.run(ProcessCsvLine.java:83)
	... 3 more
Caused by: java.lang.InstantiationException: com.bridgelabz.model.CSVStatesCensus
	at java.base/java.lang.Class.newInstance(Class.java:571)
	at com.opencsv.bean.AbstractMappingStrategy.createBean(AbstractMappingStrategy.java:196)
	... 6 more
Caused by: java.lang.NoSuchMethodException: com.bridgelabz.model.CSVStatesCensus.<init>()
	at java.base/java.lang.Class.getConstructor0(Class.java:3349)
	at java.base/java.lang.Class.newInstance(Class.java:556)
	... 7 more
Exception in thread "pool-6-thread-1" java.lang.RuntimeException: com.opencsv.exceptions.CsvBeanIntrospectionException: Basic instantiation of the given bean type (and subordinate beans created through recursion, if applicable) was determined to be impossible.
	at com.opencsv.bean.concurrent.ProcessCsvLine.run(ProcessCsvLine.java:104)
	at java.base/java.util.concurrent.ThreadPoolExecutor.runWorker(ThreadPoolExecutor.java:1128)
	at java.base/java.util.concurrent.ThreadPoolExecutor$Worker.run(ThreadPoolExecutor.java:628)
	at java.base/java.lang.Thread.run(Thread.java:834)
Caused by: com.opencsv.exceptions.CsvBeanIntrospectionException: Basic instantiation of the given bean type (and subordinate beans created through recursion, if applicable) was determined to be impossible.
	at com.opencsv.bean.AbstractMappingStrategy.createBean(AbstractMappingStrategy.java:204)
	at com.opencsv.bean.AbstractMappingStrategy.populateNewBean(AbstractMappingStrategy.java:326)
	at com.opencsv.bean.concurrent.ProcessCsvLine.processLine(ProcessCsvLine.java:128)
	at com.opencsv.bean.concurrent.ProcessCsvLine.run(ProcessCsvLine.java:83)
	... 3 more
Caused by: java.lang.InstantiationException: com.bridgelabz.model.CSVStatesPojoClass
	at java.base/java.lang.Class.newInstance(Class.java:571)
	at com.opencsv.bean.AbstractMappingStrategy.createBean(AbstractMappingStrategy.java:196)
	... 6 more
Caused by: java.lang.NoSuchMethodException: com.bridgelabz.model.CSVStatesPojoClass.<init>()
	at java.base/java.lang.Class.getConstructor0(Class.java:3349)
	at java.base/java.lang.Class.newInstance(Class.java:556)
	... 7 more
Exception in thread "pool-6-thread-2" java.lang.RuntimeException: com.opencsv.exceptions.CsvBeanIntrospectionException: Basic instantiation of the given bean type (and subordinate beans created through recursion, if applicable) was determined to be impossible.
	at com.opencsv.bean.concurrent.ProcessCsvLine.run(ProcessCsvLine.java:104)
	at java.base/java.util.concurrent.ThreadPoolExecutor.runWorker(ThreadPoolExecutor.java:1128)
	at java.base/java.util.concurrent.ThreadPoolExecutor$Worker.run(ThreadPoolExecutor.java:628)
	at java.base/java.lang.Thread.run(Thread.java:834)
Caused by: com.opencsv.exceptions.CsvBeanIntrospectionException: Basic instantiation of the given bean type (and subordinate beans created through recursion, if applicable) was determined to be impossible.
	at com.opencsv.bean.AbstractMappingStrategy.createBean(AbstractMappingStrategy.java:204)
	at com.opencsv.bean.AbstractMappingStrategy.populateNewBean(AbstractMappingStrategy.java:326)
	at com.opencsv.bean.concurrent.ProcessCsvLine.processLine(ProcessCsvLine.java:128)
	at com.opencsv.bean.concurrent.ProcessCsvLine.run(ProcessCsvLine.java:83)
	... 3 more
Caused by: java.lang.InstantiationException: com.bridgelabz.model.CSVStatesPojoClass
	at java.base/java.lang.Class.newInstance(Class.java:571)
	at com.opencsv.bean.AbstractMappingStrategy.createBean(AbstractMappingStrategy.java:196)
	... 6 more
Caused by: java.lang.NoSuchMethodException: com.bridgelabz.model.CSVStatesPojoClass.<init>()
	at java.base/java.lang.Class.getConstructor0(Class.java:3349)
	at java.base/java.lang.Class.newInstance(Class.java:556)
	... 7 more
Exception in thread "pool-7-thread-1" java.lang.RuntimeException: com.opencsv.exceptions.CsvBeanIntrospectionException: Basic instantiation of the given bean type (and subordinate beans created through recursion, if applicable) was determined to be impossible.
]]></system-err>
</testsuite>
