<?xml version="1.0" encoding="UTF-8"?>
<testsuite name="TestMethod" tests="12" skipped="0" failures="0" errors="0" timestamp="2020-03-24T11:37:42" hostname="revatitakale" time="0.646">
  <properties/>
  <testcase name="givenFileType_WhenWrong_ShouldReturnCustomiseException" classname="TestMethod" time="0.008"/>
  <testcase name="givenFileNameOfStateCode_WhenWrong_ShouldReturnCustomiseException" classname="TestMethod" time="0.001"/>
  <testcase name="givenNumberOfRecords_WhenMatched_ShouldReturnTrue" classname="TestMethod" time="0.291"/>
  <testcase name="givenFileTypeOfStateCode_WhenWrong_ShouldReturnCustomiseException" classname="TestMethod" time="0.0"/>
  <testcase name="givenFile_WhenDelimiterIncorrect_ShouldReturnCustomiseException" classname="TestMethod" time="0.055"/>
  <testcase name="givenFileName_WhenWrong_ShouldReturnCustomiseException" classname="TestMethod" time="0.0"/>
  <testcase name="givenStateCodeData_WhenSorted_ShouldReturnSortedList" classname="TestMethod" time="0.165"/>
  <testcase name="givenFile_WhenHeaderIncorrect_ShouldReturnCustomiseException" classname="TestMethod" time="0.025"/>
  <testcase name="givenCensusData_WhenSorted_ShouldReturnSortedList" classname="TestMethod" time="0.033"/>
  <testcase name="givenNumberOfRecordsOfStateCode_WhenMatched_ShouldReturnTrue" classname="TestMethod" time="0.021"/>
  <testcase name="givenFileOfStateCode_WhenHeadersIncorrect_ShouldReturnCustomiseException" classname="TestMethod" time="0.015"/>
  <testcase name="givenFileOfStateCode_WhenDelimiterIncorrect_ShouldReturnCustomiseException" classname="TestMethod" time="0.024"/>
  <system-out><![CDATA[]]></system-out>
  <system-err><![CDATA[Exception in thread "pool-2-thread-1" java.lang.RuntimeException: com.opencsv.exceptions.CsvRequiredFieldEmptyException: Number of data fields does not match number of headers.
	at com.opencsv.bean.concurrent.ProcessCsvLine.run(ProcessCsvLine.java:99)
	at java.base/java.util.concurrent.ThreadPoolExecutor.runWorker(ThreadPoolExecutor.java:1128)
	at java.base/java.util.concurrent.ThreadPoolExecutor$Worker.run(ThreadPoolExecutor.java:628)
	at java.base/java.lang.Thread.run(Thread.java:834)
Caused by: com.opencsv.exceptions.CsvRequiredFieldEmptyException: Number of data fields does not match number of headers.
	at com.opencsv.bean.HeaderNameBaseMappingStrategy.verifyLineLength(HeaderNameBaseMappingStrategy.java:90)
	at com.opencsv.bean.AbstractMappingStrategy.populateNewBean(AbstractMappingStrategy.java:325)
	at com.opencsv.bean.concurrent.ProcessCsvLine.processLine(ProcessCsvLine.java:128)
	at com.opencsv.bean.concurrent.ProcessCsvLine.run(ProcessCsvLine.java:83)
	... 3 more
Exception in thread "pool-7-thread-2" java.lang.RuntimeException: com.opencsv.exceptions.CsvRequiredFieldEmptyException: Number of data fields does not match number of headers.
]]></system-err>
</testsuite>
