<?xml version="1.0" encoding="UTF-8"?>
<testsuite name="TestMethod" tests="10" skipped="0" failures="0" errors="0" timestamp="2020-03-20T05:36:54" hostname="revatitakale" time="0.381">
  <properties/>
  <testcase name="givenStateCode_WhenImproperHeader_ReturnException" classname="TestMethod" time="0.24"/>
  <testcase name="givenStateCode_WhenTrue_NumberOfRecordShouldMatch" classname="TestMethod" time="0.033"/>
  <testcase name="givenStateCensusAnalyserFile_WhenIncorrectHeader_ReturnsException" classname="TestMethod" time="0.03"/>
  <testcase name="givenStateCensusAnalyserFile_WhenImproperFileExtension_ReturnsException" classname="TestMethod" time="0.001"/>
  <testcase name="givenStateCensusAnalyserFile_WhenIncorrectDelimiters_ReturnsException" classname="TestMethod" time="0.014"/>
  <testcase name="givenStateCode_WhenImproperDelimiter_ReturnException" classname="TestMethod" time="0.023"/>
  <testcase name="givenStateCode_WhenImproperFileName_ReturnException" classname="TestMethod" time="0.002"/>
  <testcase name="givenStateCensusAnalyserFile_WhenImproperFileName_ReturnsException" classname="TestMethod" time="0.002"/>
  <testcase name="givenStateCode_WhenImproperFileType_ReturnException" classname="TestMethod" time="0.002"/>
  <testcase name="givenStateCensusAnalyserFile_WhenTrue_NumberOfRecordShouldMatch" classname="TestMethod" time="0.022"/>
  <system-out><![CDATA[]]></system-out>
  <system-err><![CDATA[]]></system-err>
</testsuite>
