<?xml version="1.0" encoding="UTF-8"?>
<testsuite name="TestMethod" tests="1" skipped="0" failures="0" errors="0" timestamp="2020-03-17T09:24:14" hostname="admin1-desktop" time="0.003">
  <properties/>
  <testcase name="givenStateCensusAnalyserFile_WhenImproperFileName_ReturnsException" classname="TestMethod" time="0.003"/>
  <system-out><![CDATA[]]></system-out>
  <system-err><![CDATA[]]></system-err>
</testsuite>
